Name                                                    Stmts   Miss  Cover   Missing
-------------------------------------------------------------------------------------
scripts/test_esm2_similarity.py                           187    171     9%   20-31, 38-76, 86-115, 120-151, 156-186, 191-271, 275-309
scripts/test_exact_query.py                                36     30    17%   15-98, 101
scripts/test_genomic_context.py                            63     55    13%   15-55, 59-116, 120-138, 141
scripts/test_llm_integration.py                            54     41    24%   26-95, 99-100
scripts/test_neo4j.py                                      52     43    17%   21-104, 108
scripts/test_prodigal_parsing.py                           26     20    23%   18-48, 51
scripts/test_protein_query.py                              38     29    24%   20-98, 101
src/build_kg/annotation_processors.py                      91     71    22%   18-19, 23-29, 34-37, 43-52, 56-59, 66, 70-86, 93, 97-111, 124-157, 162-183, 187
src/build_kg/batch_processor.py                           195    134    31%   37-38, 102-117, 134-167, 171-270, 274-275, 279-288, 292-326, 330-347, 351, 355-359, 370, 393-450, 467-545
src/build_kg/functional_enrichment.py                     213    169    21%   58-63, 67-77, 81-122, 126-152, 156-213, 217-252, 256-289, 293-325, 329-373, 392-393
src/build_kg/pathway_integration.py                       149    124    17%   40-52, 56-118, 122-210, 214-262, 266-286, 301-322, 326-345
src/build_kg/quast_parser.py                              113    102    10%   24-90, 104-108, 121-144, 157-168, 181-206, 211-224
src/build_kg/rdf_builder.py                               686    642     6%   34-73, 92-175, 188-216, 230-243, 261-263, 267-274, 278-312, 316-339, 344-399, 404-434, 439-468, 473-546, 552-631, 636-716, 723-820, 824-835, 839-856, 872-999, 1021-1260, 1271, 1281-1294
src/code_interpreter/__init__.py                           10      3    70%   14-16
src/code_interpreter/client.py                             83     60    28%   29-30, 49-82, 97-106, 115-121, 130-131, 144-145, 157-181, 193-237, 249-308, 320-350, 362-522, 534-697, 709-739, 763-784
src/code_interpreter/service.py                           179    120    33%   65-74, 79-165, 169-185, 196-255, 269, 281-295, 310-314, 320, 330-343, 349, 356-357
src/ingest/00_prepare_inputs.py                           175    154    12%   32-104, 109-113, 118-128, 134-147, 188-335, 340-342, 346
src/ingest/01_run_quast.py                                243    218    10%   35-105, 115-147, 168-274, 287-330, 335-366, 412-548, 553-554, 558
src/ingest/02_dfast_qc.py                                 190    167    12%   36-64, 95-196, 217-223, 243-286, 291-327, 368-500, 505-506, 510
src/ingest/03_prodigal.py                                 274    247    10%   35-96, 101-113, 123-151, 174-282, 295-338, 352-396, 401-422, 474-613, 618-619, 623
src/ingest/04_astra_scan.py                               146    126    14%   42-113, 154-321, 326-328, 332
src/ingest/dbcan_cazyme.py                                236    192    19%   76-148, 159-234, 244-279, 284-297, 302-310, 315-316, 341-392, 399-424, 429-444, 449-534, 538
src/llm/__init__.py                                         8      0   100%
src/llm/annotation_tools.py                               283    254    10%   43-108, 138-255, 278-343, 421-492, 523-644, 672-768, 796-839, 867-925
src/llm/cli.py                                            210    175    17%   29-30, 45-87, 96-114, 124-140, 149-165, 174-188, 193-237, 242-282, 287-316, 321-358, 363-380, 387, 403-405, 420-423, 427
src/llm/config.py                                          91     52    43%   56-90, 95-97, 101-102, 106-110, 114-120, 124, 128, 132, 141-162
src/llm/context_compression.py                            393    328    17%   27-29, 34-36, 62-73, 77-81, 85-96, 114-153, 158-173, 178-200, 205-215, 220-226, 241-263, 268-283, 288-306, 311-313, 330-338, 350-355, 369-396, 402-473, 487-520, 546-561, 574-611, 625-658, 670-681, 695-721, 735-759, 766-816, 819
src/llm/error_patterns.py                                  52     33    37%   14, 18, 112-132, 136-139, 159, 164, 173-187, 193-207
src/llm/pathway_tools.py                                  128    110    14%   25-29, 33-70, 74-108, 112, 116, 136-222, 243-293
src/llm/query_processor.py                                342    285    17%   41, 46, 51, 58-62, 66-74, 78-83, 87, 91-156, 167-202, 206-312, 316-350, 355-363, 367-383, 388-447, 451-464, 469-486, 491-528, 532-533, 540-544, 548-560, 564-568, 572-601, 612-632, 637-642, 655-661, 673-675, 679, 684-718, 728
src/llm/rag_system/__init__.py                              7      0   100%
src/llm/rag_system/agent_executor.py                      654    577    12%   25-26, 162-195, 199-325, 351-389, 406-447, 461-465, 469-530, 534-623, 627-650, 654-659, 663-754, 762-770, 778-833, 838-903, 909-1021, 1025-1065, 1069-1100, 1104-1183, 1199-1266, 1285-1307, 1321-1346, 1359-1443, 1455-1519, 1532-1564, 1574-1610
src/llm/rag_system/context_compression.py                 174    150    14%   32-39, 58-108, 121-151, 155-190, 195-253, 259-316, 320-346, 350-353, 365-380
src/llm/rag_system/core.py                                596    544     9%   16-23, 54-112, 116-198, 205-208, 218-233, 250-348, 358-624, 634-658, 662-667, 671-676, 680-692, 696-709, 713-727, 731-752, 756-769, 774-795, 803-815, 819-863, 872-899, 906-1004, 1022-1058, 1062-1089, 1093-1113, 1117-1164, 1180-1189, 1194-1195, 1199-1200, 1215-1248
src/llm/rag_system/dspy_signatures.py                     143      0   100%
src/llm/rag_system/external_tools.py                      187    166    11%   22-24, 50-116, 130-144, 158-276, 291-360, 382-384, 547-548, 552, 556-566, 571-576
src/llm/rag_system/genome_context_extractor.py             74     55    26%   28-56, 76-101, 105-116, 120-135, 139-157, 161-169, 173-197
src/llm/rag_system/genome_selection.py                    352    297    16%   24-25, 78-136, 149-174, 186-220, 232-255, 261-314, 329-371, 387-411, 416-487, 492-511, 516-536, 540-545, 558-588, 593-624, 635-655, 662-696, 702-715, 721-732, 744-747, 752-753, 759-797, 801-802
src/llm/rag_system/intelligent_routing.py                 133     97    27%   53-110, 128-172, 185-209, 214-236, 241-260, 264-268, 273-290, 297-334, 346-349
src/llm/rag_system/log_formatter.py                       118    100    15%   65-74, 87-112, 117-129, 133-140, 144-154, 169-171, 184-194, 211-252, 258, 275-314
src/llm/rag_system/memory/__init__.py                      11      0   100%
src/llm/rag_system/memory/memory_utils.py                 190    169    11%   29, 34-51, 65-76, 90-96, 109-117, 130-168, 193-219, 234-271, 285-314, 319-328, 342-358, 371-407
src/llm/rag_system/memory/model_allocation.py             150    106    29%   157, 172-201, 216-246, 258-264, 268-269, 273-274, 287-289, 293-316, 337-401, 416, 422
src/llm/rag_system/memory/model_config.py                  85     59    31%   34-41, 49-51, 59-61, 65, 69-87, 91-106, 115, 120, 125, 130, 135, 140, 146-148, 153-155, 160-162, 168-182, 186
src/llm/rag_system/memory/multipart_synthesizer.py        274    240    12%   41-58, 64, 71-74, 97-110, 118-148, 155-181, 189-210, 218-244, 250-257, 261-286, 290-312, 316-328, 332-360, 364-381, 385-404, 408-425, 431-461, 468-484, 488-503, 509-527, 531-540, 547, 568-570, 587
src/llm/rag_system/memory/note_keeper.py                  193    166    14%   55-77, 81-101, 105-109, 119-121, 154-192, 205-220, 229-242, 271-303, 315-324, 333-346, 355-381, 394, 406-416, 428-455, 464, 473-480, 492-507, 516
src/llm/rag_system/memory/note_schemas.py                 101      9    91%   47-49, 154-156, 174-176
src/llm/rag_system/memory/parallel_config.py               82     47    43%   85-94, 110-120, 124-126, 130-137, 141-145, 157-173, 186, 193, 197, 201, 205, 209, 214, 218, 222, 226
src/llm/rag_system/memory/parallel_task_executor.py       144    115    20%   48-49, 71-88, 95-109, 116-152, 156-169, 180-229, 233-249, 259-260, 267-285, 292-316
src/llm/rag_system/memory/progressive_synthesizer.py      615    574     7%   46-80, 84-99, 123-134, 147-175, 189-213, 227-300, 315-380, 395-432, 436-480, 491, 502-532, 544-557, 570-581, 599-676, 689-741, 754-841, 854-912, 926-946, 959-992, 1005-1034, 1049-1081, 1095-1136, 1149-1189, 1206-1312, 1325-1336, 1348-1385, 1397-1416, 1429-1481, 1490-1493
src/llm/rag_system/memory/report_manager.py               206    153    26%   78-98, 114-129, 141-157, 164-181, 187-199, 203-214, 219-271, 276-326, 332, 337-372, 378-394, 399-416, 420-431
src/llm/rag_system/memory/task_based_synthesizer.py       174    140    20%   49-50, 71-116, 121-134, 139-180, 184-201, 205-221, 226-241, 246-255, 261-271, 276-318, 323-346, 351-367, 371, 375, 379
src/llm/rag_system/memory/test_model_allocation.py         88     79    10%   25-80, 85-105, 110-155, 160-171
src/llm/rag_system/memory/tool_result_cache.py            391    365     7%   49-59, 73-124, 136-155, 167-173, 187-215, 224-266, 270-315, 319-354, 358-391, 395-439, 443-487, 491-508, 512-535, 539-650, 654-672, 681-689, 699-706, 710-714
src/llm/rag_system/policy_engine.py                       116     61    47%   49, 51, 53, 55, 77, 83-100, 104-119, 123-131, 136-144, 148-153, 157, 162-165, 169, 173-178, 182, 205, 211, 217, 223, 229
src/llm/rag_system/query_validator.py                      76     54    29%   28-43, 63-114, 124-125, 129-132, 136-139, 143-150, 155-162, 167-168, 173-206, 211-221
src/llm/rag_system/task_executor.py                       671    624     7%   53-57, 80-92, 128-163, 176-222, 244-428, 448-574, 591-648, 663-681, 695-741, 760-941, 955-1126, 1143-1214, 1225-1270, 1274-1288, 1292-1307, 1319-1404, 1417-1446, 1459-1478, 1491-1517, 1521-1584, 1588-1634, 1641-1656, 1660-1699, 1703-1719, 1724-1725, 1737-1785, 1794-1831, 1834
src/llm/rag_system/task_management.py                     193    126    35%   15, 23-26, 30-32, 36-38, 42-43, 47-48, 52-55, 59-61, 65-74, 78, 131-134, 138-145, 149, 153-170, 174-175, 179-183, 187-191, 195-211, 215-219, 223-233, 237-242, 246, 250-251, 255, 259-262, 266-269, 273-277, 281-301
src/llm/rag_system/utils.py                               112     88    21%   16-17, 43-58, 62-74, 83-97, 101-105, 109-118, 137-193, 197-209
src/llm/rag_system/whole_genome_reader.py                 188    141    25%   73-74, 87-155, 165-228, 242-245, 270-294, 300-312, 322-340, 360-453
src/llm/repair_types.py                                    41      5    88%   33-34, 48-49, 62
src/llm/task_repair_agent.py                              166    148    11%   28-33, 46-73, 78-97, 107-133, 145-175, 186-208, 220-234, 245-261, 280-399, 411-417, 428
src/tests/__init__.py                                       0      0   100%
src/tests/conftest.py                                      53     27    49%   16-18, 24, 36-72, 78, 103, 125, 156, 183, 220-221, 228-241
src/tests/debug/test_ko_protein_lookup.py                  77     69    10%   19-152, 155
src/tests/debug/test_pathway_discovery.py                  50     43    14%   18-85, 88
src/tests/demo/__init__.py                                  0      0   100%
src/tests/demo/test_agentic_demo.py                        76     72     5%   11-137
src/tests/demo/test_agentic_validation.py                 224    200    11%   40-41, 45-54, 58-136, 140-219, 223-294, 298-382, 386-477, 481-596, 600-642, 646-663, 666
src/tests/demo/test_code_interpreter_integration.py        90     74    18%   20, 24-25, 29-37, 41-106, 110-225, 229-388, 392-458, 462-480, 483
src/tests/demo/test_pathway_based_discovery.py             77     62    19%   23-45, 49-68, 72-110, 114-144, 148-164, 167
src/tests/demo/test_protein_id_fix.py                      44     35    20%   23-104, 108, 111
src/tests/demo/test_template_resolution.py                 62     49    21%   22-90, 94-117, 121-134, 137
src/tests/llm/test_task_repair_agent.py                   111     86    23%   18, 22-24, 28-38, 42-51, 55-64, 68-73, 77-85, 89-97, 101-107, 111-121, 125-131, 139, 143-149, 153-157, 166-181, 185-194
src/tests/streaming/test_streamer.py                      118     94    20%   27-29, 33-34, 48-75, 79-85, 89-94, 99-123, 128-141, 149-172, 181-193, 201-223, 228-246, 250-259, 264
src/tests/test_agentic_rag_system.py                      244    199    18%   20-44, 48-67, 71-90, 97-121, 125-138, 146-151, 160-180, 190-247, 259-352, 362-420, 428-461, 465-523, 530-544
src/tests/test_batch_processor.py                         157    127    19%   27-28, 34-50, 58-88, 93-120, 125-157, 161-177, 181-193, 202-224, 229-253, 258-259, 273-293
src/tests/test_build_kg/__init__.py                         0      0   100%
src/tests/test_build_kg/test_annotation_processors.py     160    134    16%   25-27, 32-48, 52-58, 62-73, 77-91, 95-105, 109-119, 127-129, 133-156, 160-174, 182-184, 188-210, 214-226, 235-298, 302-324, 328-335
src/tests/test_build_kg/test_functional_enrichment.py     199    176    12%   19-47, 53-60, 66-91, 99-124, 128-146, 150-195, 199-210, 217-246, 258-338, 343-376
src/tests/test_build_kg/test_integration.py               168    144    14%   22-25, 30-34, 39-43, 48-85, 90-120, 125-170, 174-234, 238-260, 264-269, 273-301
src/tests/test_build_kg/test_rdf_builder.py               202    174    14%   28-40, 44-57, 61-81, 85-128, 132-181, 185-206, 210-255, 259-274, 278-303, 307-313, 321-347, 351-367, 373-436, 441-462, 466-476
src/tests/test_code_interpreter.py                        212    151    29%   24-26, 35, 40-42, 47-52, 58-77, 82-89, 94-102, 107-115, 120-125, 130-137, 146-148, 153, 158-179, 184-203, 210-214, 219-242, 247-267, 276-297, 306-318, 327-330, 335-354, 358-363, 372-383, 389-409, 414-430, 435
src/tests/test_context_compression.py                      77     66    14%   19-32, 36-62, 66-94, 98-145, 149-157, 160
src/tests/test_dbcan_integration.py                       104     83    20%   25-40, 51-52, 56-63, 67-74, 78-90, 95-124, 130-154, 160-168, 172-214, 218
src/tests/test_dfast_qc.py                                194    159    18%   30, 55, 66-69, 79-101, 106-119, 124-134, 139-147, 154-189, 195-216, 223-233, 239-251, 257-268, 291-368, 372
src/tests/test_enhanced_tpr.py                             39     26    33%   25-65, 68
src/tests/test_genomic_questions.py                        57     42    26%   53-119, 122-123
src/tests/test_ggdef_fix.py                                45     32    29%   25-68, 71-72
src/tests/test_ingest/test_00_prepare_inputs.py           169    136    20%   31-43, 47-54, 58-71, 75-88, 99-109, 113-127, 132-145, 153-199, 203-226, 230-253, 257-261, 272-281, 292-319, 323-354
src/tests/test_ingest/test_01_quast.py                    338    269    20%   29-62, 66-74, 78-85, 89-103, 107-122, 130-146, 150-159, 163-173, 177-188, 198-235, 240-258, 263-281, 286-326, 333-334, 337, 340, 344-352, 357, 368-387, 394-411, 416-429, 437-460, 464-484, 488-495, 499-510, 518-523, 527-533, 537-547, 551-568, 572-590, 599-617, 631-663, 667
src/tests/test_ingest/test_03_prodigal.py                 384    313    18%   31-53, 57-65, 69-76, 84-97, 101-105, 109-112, 120-150, 154-161, 165-180, 190-243, 248-271, 276-299, 306-307, 310, 313, 317-325, 330, 342-368, 375-401, 410-461, 465-477, 481-500, 504-548, 556-587, 591-600, 608-610, 617-622, 629-650, 659-723, 730, 777, 792-840
src/tests/test_ingest/test_04_astra_scan.py               130    103    21%   24, 30, 47-79, 86-128, 134-156, 162-175, 181-238, 246-262
src/tests/test_multiple_questions.py                       51     39    24%   30-100
src/tests/test_quast_direct.py                             76     69     9%   14-116, 119-120
src/tests/test_rag_compression_integration.py              60     52    13%   20-130, 133
src/tests/test_simple_limit.py                             50     38    24%   24-76, 79
src/tests/test_tpr_context_format.py                       44     30    32%   26-69, 72
-------------------------------------------------------------------------------------
TOTAL                                                   15793  12983    18%
